<?xml version="1.0" encoding="UTF-8"?>
<testng-results ignored="0" total="2" passed="2" failed="0" skipped="0">
  <reporter-output>
  </reporter-output>
  <suite started-at="2026-02-19T11:44:04 IST" name="Suite" finished-at="2026-02-19T11:44:20 IST" duration-ms="16148">
    <groups>
    </groups>
    <test started-at="2026-02-19T11:44:04 IST" name="Test" finished-at="2026-02-19T11:44:20 IST" duration-ms="16148">
      <class name="com.testing.selenium.Project2_TravelBookingWebsite.testCases.login.LoginTest">
        <test-method is-config="true" signature="atClassStart()[pri:0, instance:com.testing.selenium.Project2_TravelBookingWebsite.testCases.login.LoginTest@7a35b0f5]" started-at="2026-02-19T11:44:13 IST" name="atClassStart" finished-at="2026-02-19T11:44:15 IST" duration-ms="2842" status="PASS">
          <reporter-output>
          </reporter-output>
        </test-method> <!-- atClassStart -->
        <test-method is-config="true" signature="atTestStart()[pri:0, instance:com.testing.selenium.Project2_TravelBookingWebsite.testCases.login.LoginTest@7a35b0f5]" started-at="2026-02-19T11:44:15 IST" name="atTestStart" finished-at="2026-02-19T11:44:15 IST" duration-ms="1" status="PASS">
          <reporter-output>
          </reporter-output>
        </test-method> <!-- atTestStart -->
        <test-method signature="TC_Login_01()[pri:0, instance:com.testing.selenium.Project2_TravelBookingWebsite.testCases.login.LoginTest@7a35b0f5]" started-at="2026-02-19T11:44:15 IST" name="TC_Login_01" finished-at="2026-02-19T11:44:17 IST" duration-ms="1654" status="PASS">
          <reporter-output>
          </reporter-output>
        </test-method> <!-- TC_Login_01 -->
        <test-method is-config="true" signature="atClassEnd()[pri:0, instance:com.testing.selenium.Project2_TravelBookingWebsite.testCases.login.LoginTest@7a35b0f5]" started-at="2026-02-19T11:44:17 IST" name="atClassEnd" finished-at="2026-02-19T11:44:20 IST" duration-ms="3093" status="PASS">
          <reporter-output>
          </reporter-output>
        </test-method> <!-- atClassEnd -->
      </class> <!-- com.testing.selenium.Project2_TravelBookingWebsite.testCases.login.LoginTest -->
      <class name="com.testing.selenium.Project2_TravelBookingWebsite.testCases.signUp.SignUpTest">
        <test-method is-config="true" signature="atClassStart()[pri:0, instance:com.testing.selenium.Project2_TravelBookingWebsite.testCases.signUp.SignUpTest@5afa3c9]" started-at="2026-02-19T11:44:04 IST" name="atClassStart" finished-at="2026-02-19T11:44:08 IST" duration-ms="4143" status="PASS">
          <reporter-output>
          </reporter-output>
        </test-method> <!-- atClassStart -->
        <test-method is-config="true" signature="atTestStart()[pri:0, instance:com.testing.selenium.Project2_TravelBookingWebsite.testCases.signUp.SignUpTest@5afa3c9]" started-at="2026-02-19T11:44:08 IST" name="atTestStart" finished-at="2026-02-19T11:44:08 IST" duration-ms="6" status="PASS">
          <reporter-output>
          </reporter-output>
        </test-method> <!-- atTestStart -->
        <test-method signature="TC_SIGNUP_01()[pri:0, instance:com.testing.selenium.Project2_TravelBookingWebsite.testCases.signUp.SignUpTest@5afa3c9]" started-at="2026-02-19T11:44:08 IST" name="TC_SIGNUP_01" finished-at="2026-02-19T11:44:09 IST" duration-ms="1299" status="PASS">
          <reporter-output>
          </reporter-output>
        </test-method> <!-- TC_SIGNUP_01 -->
        <test-method is-config="true" signature="atClassEnd()[pri:0, instance:com.testing.selenium.Project2_TravelBookingWebsite.testCases.signUp.SignUpTest@5afa3c9]" started-at="2026-02-19T11:44:09 IST" name="atClassEnd" finished-at="2026-02-19T11:44:13 IST" duration-ms="3097" status="PASS">
          <reporter-output>
          </reporter-output>
        </test-method> <!-- atClassEnd -->
      </class> <!-- com.testing.selenium.Project2_TravelBookingWebsite.testCases.signUp.SignUpTest -->
    </test> <!-- Test -->
  </suite> <!-- Suite -->
</testng-results>
