<?xml version="1.0" encoding="UTF-8"?>
<testng-results ignored="0" total="1" passed="1" failed="0" skipped="0">
  <reporter-output>
  </reporter-output>
  <suite started-at="2026-02-20T22:33:41 IST" name="Suite" finished-at="2026-02-20T22:33:57 IST" duration-ms="16028">
    <groups>
    </groups>
    <test started-at="2026-02-20T22:33:41 IST" name="Test" finished-at="2026-02-20T22:33:57 IST" duration-ms="16028">
      <class name="com.testing.selenium.Project2_TravelBookingWebsite.testCases.endToEndTesting.MainTest">
        <test-method is-config="true" signature="atClassStart()[pri:0, instance:com.testing.selenium.Project2_TravelBookingWebsite.testCases.endToEndTesting.MainTest@4275c20c]" started-at="2026-02-20T22:33:41 IST" name="atClassStart" finished-at="2026-02-20T22:33:50 IST" duration-ms="9444" status="PASS">
          <reporter-output>
          </reporter-output>
        </test-method> <!-- atClassStart -->
        <test-method is-config="true" signature="atTestStart()[pri:0, instance:com.testing.selenium.Project2_TravelBookingWebsite.testCases.endToEndTesting.MainTest@4275c20c]" started-at="2026-02-20T22:33:50 IST" name="atTestStart" finished-at="2026-02-20T22:33:50 IST" duration-ms="12" status="PASS">
          <reporter-output>
          </reporter-output>
        </test-method> <!-- atTestStart -->
        <test-method signature="mainTest()[pri:0, instance:com.testing.selenium.Project2_TravelBookingWebsite.testCases.endToEndTesting.MainTest@4275c20c]" started-at="2026-02-20T22:33:50 IST" name="mainTest" finished-at="2026-02-20T22:33:54 IST" duration-ms="3463" status="PASS">
          <reporter-output>
          </reporter-output>
        </test-method> <!-- mainTest -->
        <test-method is-config="true" signature="atClassEnd()[pri:0, instance:com.testing.selenium.Project2_TravelBookingWebsite.testCases.endToEndTesting.MainTest@4275c20c]" started-at="2026-02-20T22:33:54 IST" name="atClassEnd" finished-at="2026-02-20T22:33:57 IST" duration-ms="3098" status="PASS">
          <reporter-output>
          </reporter-output>
        </test-method> <!-- atClassEnd -->
      </class> <!-- com.testing.selenium.Project2_TravelBookingWebsite.testCases.endToEndTesting.MainTest -->
    </test> <!-- Test -->
  </suite> <!-- Suite -->
</testng-results>
