<?xml version="1.0" encoding="UTF-8"?>
<!-- Generated by org.testng.reporters.JUnitReportReporter -->
<testsuite hostname="namans-MacBook-Air.local" failures="0" tests="1" name="com.testing.selenium.Project2_TravelBookingWebsite.testCases.login.LoginTest" time="2.175" errors="0" timestamp="2026-02-20T19:32:21 IST" skipped="0">
  <testcase classname="com.testing.selenium.Project2_TravelBookingWebsite.testCases.login.LoginTest" name="TC_Login_01" time="2.175"/>
</testsuite> <!-- com.testing.selenium.Project2_TravelBookingWebsite.testCases.login.LoginTest -->
