<?xml version="1.0" encoding="UTF-8"?>
<!-- Generated by org.testng.reporters.JUnitReportReporter -->
<testsuite hostname="namans-MacBook-Air.local" failures="0" tests="1" name="com.testing.selenium.Project2_TravelBookingWebsite.testCases.signUp.SignUpTest" time="1.305" errors="0" timestamp="2026-02-19T11:44:20 IST" skipped="0">
  <testcase classname="com.testing.selenium.Project2_TravelBookingWebsite.testCases.signUp.SignUpTest" name="TC_SIGNUP_01" time="1.305"/>
</testsuite> <!-- com.testing.selenium.Project2_TravelBookingWebsite.testCases.signUp.SignUpTest -->
