<?xml version="1.0" encoding="UTF-8"?>
<!-- Generated by org.testng.reporters.JUnitReportReporter -->
<testsuite hostname="namans-MacBook-Air.local" failures="0" tests="1" name="com.testing.selenium.Project2_TravelBookingWebsite.testCases.login.LoginTest" time="1.655" errors="0" timestamp="2026-02-19T11:44:20 IST" skipped="0">
  <testcase classname="com.testing.selenium.Project2_TravelBookingWebsite.testCases.login.LoginTest" name="TC_Login_01" time="1.655"/>
</testsuite> <!-- com.testing.selenium.Project2_TravelBookingWebsite.testCases.login.LoginTest -->
