<?xml version="1.0" encoding="UTF-8"?>
<!-- Generated by org.testng.reporters.JUnitReportReporter -->
<testsuite hostname="namans-MacBook-Air.local" failures="0" tests="1" name="com.testing.selenium.Project2_TravelBookingWebsite.testCases.endToEndTesting.MainTest" time="3.475" errors="0" timestamp="2026-02-20T22:33:57 IST" skipped="0">
  <testcase classname="com.testing.selenium.Project2_TravelBookingWebsite.testCases.endToEndTesting.MainTest" name="mainTest" time="3.475"/>
</testsuite> <!-- com.testing.selenium.Project2_TravelBookingWebsite.testCases.endToEndTesting.MainTest -->
