<?xml version="1.0" encoding="UTF-8"?>
<!-- Generated by org.testng.reporters.JUnitXMLReporter -->
<testsuite ignored="0" hostname="namans-MacBook-Air.local" failures="0" tests="2" name="Test" time="16.148" errors="0" timestamp="2026-02-19T11:44:20 IST">
  <testcase classname="com.testing.selenium.Project2_TravelBookingWebsite.testCases.signUp.SignUpTest" name="TC_SIGNUP_01" time="1.299"/>
  <testcase classname="com.testing.selenium.Project2_TravelBookingWebsite.testCases.login.LoginTest" name="TC_Login_01" time="1.654"/>
</testsuite> <!-- Test -->
