<?xml version="1.0" encoding="UTF-8"?>
<!-- Generated by org.testng.reporters.JUnitXMLReporter -->
<testsuite ignored="0" hostname="namans-MacBook-Air.local" failures="0" tests="2" name="Test" time="22.333" errors="0" timestamp="2026-02-20T19:32:21 IST">
  <testcase classname="com.testing.selenium.Project2_TravelBookingWebsite.testCases.signUp.SignUpTest" name="TC_SIGNUP_01" time="1.314"/>
  <testcase classname="com.testing.selenium.Project2_TravelBookingWebsite.testCases.login.LoginTest" name="TC_Login_01" time="2.174"/>
</testsuite> <!-- Test -->
